./banner.png=46ca97dbf3b4a561111068992cb857bd=35108
./build/built-jar.properties=751b40eb251438293fe02d100e63088f=161
./build/classes/.netbeans_automatic_build=d41d8cd98f00b204e9800998ecf8427e=0
./build/classes/.netbeans_update_resources=d41d8cd98f00b204e9800998ecf8427e=0
./build/classes/database/conectaH2.class=de0ba2337047467d147d6d56d8c19b1b=3928
./build/classes/database/item/00000-00099.xml=62331074d4e5bdb96c4ee6b9dad5db92=75894
./build/classes/database/item/00100-00199.xml=f183c1c1773e2ef3fa31224618b95d42=95809
./build/classes/database/item/00200-00299.xml=c185d8eeddf4db5cdbf2a1f49f9b819b=105688
./build/classes/database/item/00300-00399.xml=7b5409266a4d107e411e7c11727392e8=86885
./build/classes/database/item/00400-00499.xml=bcf5ab455a1de03b03c0d887dfe41db0=70026
./build/classes/database/item/00500-00599.xml=6f08b03c448d65b37f17c6e7b16d2788=59842
./build/classes/database/item/00600-00699.xml=840df2b6143c2bc2bcffc03ac0a4ed59=65883
./build/classes/database/item/00700-00799.xml=405c1833a46f71341b7f974acee7cac8=51919
./build/classes/database/item/00800-00899.xml=867e26c89f302f492cb95a4f8451d2de=53203
./build/classes/database/item/00900-00999.xml=04c34a1ee3e28c1d5ae4a883f8fcc168=52908
./build/classes/database/item/01000-01099.xml=db2535b4775378132961b7978d269432=44022
./build/classes/database/item/01100-01199.xml=c3f0517d517286a136767efd11bed880=49206
./build/classes/database/item/01200-01299.xml=e3f94c2410626b77cb605976f90131cd=48815
./build/classes/database/item/01300-01399.xml=63fee26fd3099806dd30f23153ef03d9=50764
./build/classes/database/item/01400-01499.xml=e2a3c1a17d97b2e343448b1d4ba0a18e=44757
./build/classes/database/item/01500-01599.xml=abc3ee7b10846b59cebedb4ae774acdb=43072
./build/classes/database/item/01600-01699.xml=b0bd3cdaac56012c2e5fee05f166da21=42057
./build/classes/database/item/01700-01799.xml=ef4278250fef50f72524dd3cbd2ccc49=38237
./build/classes/database/item/01800-01899.xml=fa76270520e1e2dc0cdbc7b58c9a338e=41520
./build/classes/database/item/01900-01999.xml=eae2c3c5ae460140b72c473b6c4824c7=37131
./build/classes/database/item/02000-02099.xml=7e39a2bac907138f8f34911a1120e802=36632
./build/classes/database/item/02100-02199.xml=5718e4a88cf8feab05bcdfbe5c31e612=44857
./build/classes/database/item/02200-02299.xml=274febb7d6f276b3aa3821eae1a19ec9=49239
./build/classes/database/item/02300-02399.xml=4092737b91105e97e9e36a0a6ce1fdb1=57103
./build/classes/database/item/02400-02499.xml=f56373c3efc672b430132e81f77d54c6=62757
./build/classes/database/item/02500-02599.xml=536f38fd2b7bbffff6d4412b4b7ef259=102675
./build/classes/database/item/02600-02699.xml=09ee1e16f90519974cdbffa74a32a00e=63628
./build/classes/database/item/02700-02799.xml=b457ae733795133a139d3128cf6baeb3=46368
./build/classes/database/item/02800-02899.xml=22e0d78bd13bdbd3bd6436bf432a22f4=46224
./build/classes/database/item/02900-02999.xml=101135fdb2291b92a28bfe86f7b6b856=43048
./build/classes/database/item/03000-03099.xml=51ca4a664ccf7e3a546bc2dd5278ba71=41585
./build/classes/database/item/03100-03199.xml=b5a2f47d1d6a5d7fda199ace39928bd1=43769
./build/classes/database/item/03200-03299.xml=f6d318f8a495c53b01b73f782cdb6bac=46348
./build/classes/database/item/03300-03399.xml=71cd250ec970269e7bd9ba40cfa1380f=46460
./build/classes/database/item/03400-03499.xml=cb21ef5e60c795382622c5246c154bd7=36613
./build/classes/database/item/03500-03599.xml=a7aacc01b79923703c409c26a85aaeed=46969
./build/classes/database/item/03600-03699.xml=6f2873ded06b940ae51b6b542ab6941c=47185
./build/classes/database/item/03700-03799.xml=d5e552178b92756d14f0d1ae5ecba11a=46358
./build/classes/database/item/03800-03899.xml=3fb54c276b3b794b5c84ef780e9cfc47=42865
./build/classes/database/item/03900-03999.xml=bb0df50049e16caa0887db6293a75492=55832
./build/classes/database/item/04000-04099.xml=c9c3a3bb7f1b6718eef288e4d51fe3a8=38539
./build/classes/database/item/04100-04199.xml=48923a2ed32cb1acc3b470df20037a46=47139
./build/classes/database/item/04200-04299.xml=d4446cc7d544c01c733c0879a0b7beaa=49631
./build/classes/database/item/04300-04399.xml=49d9290da6634749cd1676e746cb2a25=38785
./build/classes/database/item/04400-04499.xml=668dc78e41de31efc61f358b9d00c2a6=38349
./build/classes/database/item/04500-04599.xml=779731833a7eb1a62e04bc3c8d291ddf=37363
./build/classes/database/item/04600-04699.xml=0422b77a71202c3e1ed51c613ff3451b=57075
./build/classes/database/item/04700-04799.xml=4a35845d4f34e476e1d6c2a19acd5153=114887
./build/classes/database/item/04800-04899.xml=be6c026c5bd32b3b466bf451e107b866=122252
./build/classes/database/item/04900-04999.xml=d585ab33625b96aba45160bef620285e=49411
./build/classes/database/item/05000-05099.xml=e3117a1e68b51a8734c8d97a4672ebc9=38534
./build/classes/database/item/05100-05199.xml=2ecd02f6198c7d973d931e86e2d1b598=52439
./build/classes/database/item/05200-05299.xml=f22083b1507648c34693ab232d229697=53791
./build/classes/database/item/05300-05399.xml=47492efa07d81c1b93b8d19b0917e663=56168
./build/classes/database/item/05400-05499.xml=e0cea70eeabab89838c93c8b383b770a=51744
./build/classes/database/item/05500-05599.xml=64ba99ff8129c4c9aca5f147237ebe6e=42764
./build/classes/database/item/05600-05699.xml=ef24e10b881d38f279b7cb4aec54cd5d=82021
./build/classes/database/item/05700-05799.xml=f573e5acdc7f0859776e126ed80b5648=62289
./build/classes/database/item/05800-05899.xml=f1c7f6332c7139f43fd6358aa473acdc=42674
./build/classes/database/item/05900-05999.xml=27ffcc362dacd78f4952aa7c14652b6f=33677
./build/classes/database/item/06000-06099.xml=c34d4483681c815d63ac099b9450db3d=37000
./build/classes/database/item/06100-06199.xml=350690fbf908d90036f28dc7b485178c=40658
./build/classes/database/item/06200-06299.xml=3878e4cf1d95191db87b918d816c9028=40484
./build/classes/database/item/06300-06399.xml=3eb7e65dda26fbf72ec5b307365f96b8=66167
./build/classes/database/item/06400-06499.xml=436a772a773e5a8897c9db89a4711004=48357
./build/classes/database/item/06500-06599.xml=4201cf3a08980a822edeccfa54972fb1=63815
./build/classes/database/item/06600-06699.xml=6e2fd57ac7d4c8d0cdcdefac04be71c8=66873
./build/classes/database/item/06700-06799.xml=2419705dcdb83f8b7116e693c5b76156=48084
./build/classes/database/item/06800-06899.xml=31a2955e2022066605553bfb27ce8a34=48788
./build/classes/database/item/06900-06999.xml=c673963bbfedb8802683053838c4e152=49446
./build/classes/database/item/07000-07099.xml=3d17e3a3d6a62671b65d34baf24dc5fc=46380
./build/classes/database/item/07100-07199.xml=82e184d438b7a2c5b7d5e7c2b7e47902=47943
./build/classes/database/item/07200-07299.xml=15cd056335dd3e1c596ac93654877e64=46668
./build/classes/database/item/07300-07399.xml=ddcb34bb487a9a7a09eee47b476d4910=46963
./build/classes/database/item/07400-07499.xml=e0a47e8c0743062d16c306f7cbce95bf=46738
./build/classes/database/item/07500-07599.xml=e40f2d41b13d6b7547b3e3ec3aa54218=50432
./build/classes/database/item/07600-07699.xml=eff92cddf4bd00673dc07191a710b57a=39967
./build/classes/database/item/07700-07799.xml=d3e8c5fa8476765b686a8c9e0919d7c0=64198
./build/classes/database/item/07800-07899.xml=c406a89b6f41db9e4954552a4487535f=83037
./build/classes/database/item/07900-07999.xml=32c385f808859f562ba1c86d41940dea=43761
./build/classes/database/item/08000-08099.xml=2be89b29a3e73cf29de4d1ef0ca51b8a=41914
./build/classes/database/item/08100-08199.xml=af5fa2520e25ee522286a735870afac5=79629
./build/classes/database/item/08200-08299.xml=eeadb2832e13c53911daac725fe91988=49591
./build/classes/database/item/08300-08399.xml=463a064ac672fd4f1fa8895479e33c3c=41368
./build/classes/database/item/08400-08499.xml=8ed3342cdbc59d2e6c88625817fb5af8=44879
./build/classes/database/item/08500-08599.xml=6a9a46f5c22519557eb6ba0c6cbe7469=58193
./build/classes/database/item/08600-08699.xml=fb9721ac139069b497da7b56751b5e9a=58419
./build/classes/database/item/08700-08799.xml=366bac81c3f8e87f5c23ecb17beb1431=50289
./build/classes/database/item/08800-08899.xml=1c82fd8b662d5bccfae746de62556119=86437
./build/classes/database/item/08900-08999.xml=8784f23b4400f9bb0eafc6838f101b57=67199
./build/classes/database/item/09000-09099.xml=a38027432e74a9aef14fa0e33b071f73=78454
./build/classes/database/item/09100-09199.xml=196c37df19225e056f7e4d4d06a4d5d6=56689
./build/classes/database/item/09200-09299.xml=db1acc8233c07a1b2d3cb59ca6ff53e0=120883
./build/classes/database/item/09300-09399.xml=3a46b13f33a97b98f278790fc3764daa=122086
./build/classes/database/item/09400-09499.xml=74c62880e1e314b06d251a6cea753f5d=69797
./build/classes/database/item/09500-09599.xml=fc95500896b1707f3c387efd2666db2e=51012
./build/classes/database/item/09600-09699.xml=1c6885c915ce261014bd9e3bdfc7ef36=54546
./build/classes/database/item/09700-09799.xml=893d15be7bd3d0f95ce2e532a7cdf779=43045
./build/classes/database/item/09800-09899.xml=965b0b348d4e7969b6162537c7dc2b38=77311
./build/classes/database/item/09900-09999.xml=ed987ca2c2de0e78d04af297ddcfcc15=60042
./build/classes/database/item/10000-10099.xml=46e926f44dca3a45373ce6372a6c6710=45230
./build/classes/database/item/10100-10199.xml=fd2c9b143b3bbb13915b91fdc8ab92e4=52692
./build/classes/database/item/10200-10299.xml=4c8ff54b4761c7286bb0da3054bb6a87=65404
./build/classes/database/item/10300-10399.xml=beb12ebd329ae842d030e43e4e4e1927=47802
./build/classes/database/item/10400-10499.xml=20e163770f9389269fc0ec99461cefdd=83558
./build/classes/database/item/10500-10599.xml=2244567a9cd7bf8600f5b40ce20fce84=55067
./build/classes/database/item/10600-10699.xml=5a91b7cc44f3b2e56cafdef580dc7eba=74502
./build/classes/database/item/10700-10799.xml=81f3840b43bfafbc8393bfe9e528c282=130018
./build/classes/database/item/10800-10899.xml=9694bb1e2a3b65860c359ffbe825aa07=91494
./build/classes/database/item/10900-10999.xml=4c0fd7ef2e289b47847fb7549b0457ab=120906
./build/classes/database/item/11000-11099.xml=b28b9af8ecee34c2ea9eccd21514d25e=123236
./build/classes/database/item/11100-11199.xml=3af0e108010fb547e104d4bf8904c0c1=123147
./build/classes/database/item/11200-11299.xml=eb11bdf1b0fc09bb821886bd0730c528=126019
./build/classes/database/item/11300-11399.xml=958abb2e42307e73e3492b80c9399032=98208
./build/classes/database/item/11400-11499.xml=cb4d828d010610e47caac7401e4ab3e8=72298
./build/classes/database/item/11500-11599.xml=e16a28d75eb95fd1f6b7053ce38e86ad=75988
./build/classes/database/item/11600-11699.xml=546d63e7f7b2451431250c7a40f0517d=97775
./build/classes/database/item/11700-11799.xml=78e2b8de103045a1f0de71c944ec33fd=99065
./build/classes/database/item/11800-11899.xml=380f359c2d6407e044351a7cd170bf60=99488
./build/classes/database/item/11900-11999.xml=0d671d42266a8547744d7b8c50d275ea=101159
./build/classes/database/item/12000-12099.xml=d6f997b158f31473ea836323b0ebdc28=61585
./build/classes/database/item/12100-12199.xml=09e183bcf12ec258f63a6158d1ff8474=58330
./build/classes/database/item/12200-12299.xml=ee76ff48ee8b93681420ab33fadd8a58=60042
./build/classes/database/item/12300-12399.xml=3844ee54c7f16d0e3824c9de50c851e2=60912
./build/classes/database/item/12400-12499.xml=921c081cb3763b949b5dc97f60d90066=71990
./build/classes/database/item/12500-12599.xml=7d71c612e7be4a97cb6177bf9313a566=46992
./build/classes/database/item/12600-12699.xml=a1aa3031d2a048286a41eedc3172bcbb=50020
./build/classes/database/item/12700-12799.xml=4ef33335e79aa38e5b4733266d738883=49465
./build/classes/database/item/12800-12899.xml=7823665d61cc1618740c8bfe1e042d2a=97369
./build/classes/database/item/12900-12999.xml=1e4e8fca2a47e99c6e1d379134698ed2=120135
./build/classes/database/item/13000-13099.xml=278d6fd54ca689f9771113166021f0bb=61892
./build/classes/database/item/13100-13199.xml=627d9c21ba81180cac51bc9cef5f6457=93717
./build/classes/database/item/13200-13299.xml=6c45f6c5094d272445f502cd77065236=80230
./build/classes/database/item/13300-13399.xml=cd26ba0b6be7327a60079bcf1559d01f=64704
./build/classes/database/item/13400-13499.xml=76118d0f129b1d6a573b7bdecaa06db1=65528
./build/classes/database/item/13500-13599.xml=712e6afeb38be5a3f3c2fef68a483432=66385
./build/classes/database/item/13600-13699.xml=e27b8df44638f3ccb9609b43df07ea50=69228
./build/classes/database/item/13700-13799.xml=0dcdf938ce916d0735005a89c00b113d=59085
./build/classes/database/item/13800-13899.xml=0891e98aa49927dccb8df5ceb0397aed=53569
./build/classes/database/item/13900-13999.xml=1dcae6af503833a9a9314c9c510a0306=54601
./build/classes/database/item/14000-14099.xml=990f35389d2c573698f7e10753852a5e=62650
./build/classes/database/item/14100-14199.xml=2c8353403f9d6add16beba0a22145932=84442
./build/classes/database/item/14200-14299.xml=626881f01955521f8290b024f1a69955=61159
./build/classes/database/item/14300-14399.xml=574b090cc0d5751569bd92c994c82ec9=102410
./build/classes/database/item/14400-14499.xml=1f376a5aa99659541d64a6aa5464a866=133419
./build/classes/database/item/14500-14599.xml=440231aabcb6ace46c574c3c0a33034e=98695
./build/classes/database/item/14600-14699.xml=70cdd3f835c8417991b1cb4568489219=68047
./build/classes/database/item/14700-14799.xml=d0691ab661c09794e84a994dd9b55f08=56686
./build/classes/database/item/14800-14899.xml=cae7e6e8b8eb476a17e03755755db0f3=52143
./build/classes/database/item/14900-14999.xml=fea6ed32afb528d1394883bc2141bd62=61707
./build/classes/database/item/15000-15099.xml=41bc1d2597a1ae53b0ffe7fa5fffc906=95743
./build/classes/database/item/15100-15199.xml=0fd085a5f95b1dd06bac569b51ca9c53=96101
./build/classes/database/item/15200-15299.xml=0fca600a2a13bfb75f8a138b4cb45b9a=71129
./build/classes/database/item/15300-15399.xml=1eb7f1521795181dffffa8b593ff0588=73995
./build/classes/database/item/15400-15499.xml=1641f10a2e33ccce1429869f0a200715=61461
./build/classes/database/item/15500-15599.xml=cb22292ef7e1b8c1f203018db832df55=76327
./build/classes/database/item/15600-15699.xml=0228a1b66d5c9aae5dfca7842680240b=59599
./build/classes/database/item/15700-15799.xml=defee916e5143eb09188871e5a9c95da=63031
./build/classes/database/item/15800-15899.xml=4f07242c8a36ab52b9aa013797c0c9d4=102519
./build/classes/database/item/15900-15999.xml=4207c5e6da019904498924310e7ac659=132003
./build/classes/database/item/16000-16099.xml=645f3b348728875b76f9ea6e079f0180=119052
./build/classes/database/item/16100-16199.xml=04129e233d00c171253c105ad221feb9=88887
./build/classes/database/item/16200-16299.xml=e2ad3878457883441acf9f125ed2145a=72478
./build/classes/database/item/16300-16399.xml=cc8fff290fc5d837212fd66499bc0a39=68397
./build/classes/database/item/16400-16499.xml=3e8c303a7edd90eba5e1a5ce918c4ba2=6030
./build/classes/database/item/16800-16899.xml=7f41ae8094b66b2263905321ddeb759f=44654
./build/classes/database/item/16900-16999.xml=0db3db64b621c59d3d289317457e42e0=94304
./build/classes/database/item/17000-17099.xml=e990a45470d37ea9b36f987f5ebbd86d=63850
./build/classes/database/item/17100-17199.xml=c05ad41b2c25ebc02ba47a5255c05bfa=64073
./build/classes/database/item/17200-17299.xml=2de67f2ab679f91a7ad663053141a014=45344
./build/classes/database/item/20000-20099.xml=6494bbfdbedfc691882fc2637a4dbaa2=58380
./build/classes/database/item/20100-20199.xml=2366aeba2bb9e6a65290a1f34dbf794c=104360
./build/classes/database/item/20200-20299.xml=f46756e1a4ab021b9fb462247bb46af7=76093
./build/classes/database/item/20300-20399.xml=7624ae87876293eaf1796fe69d9879e5=70278
./build/classes/database/item/20400-20499.xml=9ebcd0ca9a7072b612a54c4ed75d8930=71796
./build/classes/database/item/20500-20599.xml=4738fc3b06c277f8805305e81484aa3f=70683
./build/classes/database/item/20600-20699.xml=21653bc3d79fc766e157138d5cc7609f=71500
./build/classes/database/item/20700-20799.xml=bf4c283b00aee6df75535c0b26c77d52=70321
./build/classes/database/item/20800-20899.xml=8e87f9262fb5285e9c86269da74339a8=71390
./build/classes/database/item/20900-20999.xml=58025d61252d67c4bbe25667897c6ee2=69284
./build/classes/database/item/21000-21099.xml=41543f599113363067b6a33ff11ff03c=72761
./build/classes/database/item/21100-21199.xml=6609e0bd8d2e57225064147de8b01740=53238
./build/classes/database/item/21200-21299.xml=e1b86a04752ba256cc87a5fa03bd25be=71323
./build/classes/database/item/21300-21399.xml=332cafdaf58e702d7809a8600b785780=71503
./build/classes/database/item/21400-21499.xml=7863663e649cb09e02772725fbfcbaff=66355
./build/classes/database/item/21500-21599.xml=625e3183e1fed81e9f4ab2e31092387e=68471
./build/classes/database/item/21600-21699.xml=1c2a414153ebcff0d798c72cffe5aca0=47881
./build/classes/database/item/21700-21799.xml=5c21cd59080cd198f034ec6e4faebf4e=68121
./build/classes/database/item/21800-21899.xml=ca71b7b522054b540cde5a42eb77ef26=78260
./build/classes/database/item/21900-21999.xml=a7fb66b8053ce40dda438c0ed741e96d=115590
./build/classes/database/item/22000-22099.xml=2149ab377c817c2521042532ccdc9234=72488
./build/classes/database/item/22100-22199.xml=52660d6215b792790c7fdd9b035b2f2c=57725
./build/classes/database/item/22200-22299.xml=146c1eff687348d14c996c3ecce8ebb1=61657
./build/classes/database/item/22300-22399.xml=530bc7463dac2aeb841a7c10d8dcec01=31454
./build/classes/database/item/22500-22599.xml=6b3d6ed40b9776463ea38137cb46b21d=1649
./build/classes/database/model/ColumnListenerObj.class=18e91bdfb4c7e27aa900b4b0d93b4ea4=2764
./build/classes/database/model/ColumnSorterObj.class=ed7e4a06a93875348f0dc714554bec5e=1586
./build/classes/database/model/Configurator.class=7d7b6370643e7e2101f6d63ba224e189=5884
./build/classes/database/model/HandScrollListener.class=e7ae53021e082789ec7b52f3b6f54085=1871
./build/classes/database/model/MyColumnModelItem.class=fa0b4417232f11c04597535a6d8efdb8=1592
./build/classes/database/model/MyColumnModelNpc.class=298a85b61e06a8cfe2f347c1625a0bc5=1538
./build/classes/database/model/MyTableModel.class=575eeb256ce8ee226c8648fd906ede0a=1052
./build/classes/database/model/TableCellRenderer.class=4a0ffb580ba9c1c9006c8f32e83e9ba5=3198
./build/classes/database/npcs/00000-00100.xml=7f4d8f48184b659bf552a6b70f2ccf96=79471
./build/classes/database/npcs/01500-01600.xml=cdc15f7027a3abfeaa7b9822ebdc897c=338596
./build/classes/database/npcs/04300-04400.xml=d29e5bb82d607df993b8a6bfd9020163=15913
./build/classes/database/npcs/12000-12100.xml=a61dfbc52a781ee02b30927128d4e40a=2699
./build/classes/database/npcs/12300-12400.xml=8b9b7cb7fa780939340e1e09f5ccdb6a=8416
./build/classes/database/npcs/12500-12600.xml=a22d7290be270a18684967dd2613605c=10952
./build/classes/database/npcs/12600-12700.xml=c9c77746dae353e38ba2267e6cae80d7=2773
./build/classes/database/npcs/12700-12800.xml=6cafab9ce49a576e57c76fa0dc80e1a3=24307
./build/classes/database/npcs/13000-13100.xml=2eba9105a366e6e3611bcd379523cac5=249374
./build/classes/database/npcs/13100-13200.xml=26f655d90722587d85f9fc29912dbd73=258512
./build/classes/database/npcs/13200-13300.xml=1ba2931d982d55b012ab1534061540fe=260154
./build/classes/database/npcs/14000-14100.xml=a5ae4cc3182c5c9f2aacb03beb2a06a0=275251
./build/classes/database/npcs/14100-14200.xml=f9451d4e41758e39313dace9c554dfa9=283420
./build/classes/database/npcs/14200-14300.xml=b47814df737bd020214f097c2a047abf=288232
./build/classes/database/npcs/14300-14400.xml=b15545cfbc7fbdc3238672dd77ee413c=284841
./build/classes/database/npcs/14400-14500.xml=f86773917bdc5bccc7f9f98de03efd0a=292771
./build/classes/database/npcs/14500-14600.xml=c6ba4473d1370926f49d5d5be6cdc581=281433
./build/classes/database/npcs/14600-14700.xml=0913ea39df578142563ad17adfec3392=289074
./build/classes/database/npcs/14700-14800.xml=166f1280ccba6fb1df7ea81367acb4dd=268884
./build/classes/database/npcs/14800-14900.xml=9a25ebe4a435bf1f3b982423c1ee66e8=300104
./build/classes/database/npcs/14900-15000.xml=4a798d9c8e503c02cc98b92abb8ec827=57073
./build/classes/database/npcs/16000-16100.xml=6ee206a2afc4aaeff68c55fe46310b7e=250576
./build/classes/database/npcs/18000-18100.xml=220bfa41ab598fd85451ee7c6c7ab7d4=323796
./build/classes/database/npcs/18100-18200.xml=18b377fd10bf001311eb652503c38e48=321410
./build/classes/database/npcs/18200-18300.xml=3a6440f6da9a72421e56e4c64d1aa8dc=308092
./build/classes/database/npcs/18300-18400.xml=d4533c0e937f928f768c064d7ba24a9a=310591
./build/classes/database/npcs/18400-18500.xml=43b5daa297d9c4343b9e03d1e1e69aa3=274264
./build/classes/database/npcs/18500-18600.xml=29b1fc5f854bb87843b713adf2c7c57b=364011
./build/classes/database/npcs/18600-18700.xml=ce5640f669aa1924035b5f004f8bdc49=317619
./build/classes/database/npcs/18700-18800.xml=a5648fc48c5d118d2243a998060e8eec=275925
./build/classes/database/npcs/18800-18900.xml=01414de9c20ed579ae9194891ff2abbe=389266
./build/classes/database/npcs/18900-19000.xml=0dfda50d6d2c9e404571a410ff0659d4=123179
./build/classes/database/npcs/20000-20100.xml=c6eb353a4a25b873fbb6cba77c2d7868=539093
./build/classes/database/npcs/20100-20200.xml=26bb6b108c904e4a408c7fe50de975f3=365694
./build/classes/database/npcs/20200-20300.xml=2a8f0a20ab0a567f4eb6b9fa889ed0cb=489453
./build/classes/database/npcs/20300-20400.xml=394d988157e0b92bfd842ba8857b1ac5=416225
./build/classes/database/npcs/20400-20500.xml=f61793e19d23c399e6603b33109f5c8d=406970
./build/classes/database/npcs/20500-20600.xml=4818f0fffa696c5fa40d6ebd78606143=576299
./build/classes/database/npcs/20600-20700.xml=bffe1b5ca6b78f5c23827c474fdbad30=547179
./build/classes/database/npcs/20700-20800.xml=fde13f1f5e398925fd4b3341f77438eb=333457
./build/classes/database/npcs/20800-20900.xml=360b4a02d04b0db9861dcf3571a040f6=327766
./build/classes/database/npcs/20900-21000.xml=a8cb9220dcfa5a464d52acddfcb5b217=467260
./build/classes/database/npcs/21000-21100.xml=2ae3bc26ffc564a6189335c8a972662b=457590
./build/classes/database/npcs/21100-21200.xml=cb117f62330a7d24c7a25201c20e6342=555034
./build/classes/database/npcs/21200-21300.xml=dfa11fe916c85783d11fdf879f177fb0=509103
./build/classes/database/npcs/21300-21400.xml=0cdf863a49915d3d8bdeb0078c1ffd65=633979
./build/classes/database/npcs/21400-21500.xml=7d9d148308db374f0f63d691dcf3ec23=560708
./build/classes/database/npcs/21500-21600.xml=2f85d8758021b285697f96cfb25f6adf=669783
./build/classes/database/npcs/21600-21700.xml=9204ca73ced925b710e50d78b1763d55=517547
./build/classes/database/npcs/21700-21800.xml=4407406964726d71c1e5602cfe0153e4=484197
./build/classes/database/npcs/21800-21900.xml=87b68e80692b9247898b2b2e657b940d=138895
./build/classes/database/npcs/22000-22100.xml=63e8b400489e24702405eb0989579ef4=606477
./build/classes/database/npcs/22100-22200.xml=ec8e099f2fa7933867cae9cad2700d70=442385
./build/classes/database/npcs/22200-22300.xml=461b15044e0b92e3f2186c7ab742d639=563524
./build/classes/database/npcs/22300-22400.xml=3aee3c224a256a1cff3e1df1af3b3e21=490202
./build/classes/database/npcs/22400-22500.xml=7e8d72bb7c1011d85f0c4b9c5284e789=512985
./build/classes/database/npcs/22500-22600.xml=dc0612f318d058a0ac553503eadb6813=422216
./build/classes/database/npcs/22600-22700.xml=e1fc2e80c11265869c25c7666b180df5=524907
